app/build/intermediates/manifest_merge_blame_file/debug/manifest-merger-blame-debug-report.txt
1<?xml version="1.0" encoding="utf-8"?>
2<manifest xmlns:android="http://schemas.android.com/apk/res/android"
3    package="com.varshikasahu.mymiwok"
4    android:versionCode="1"
5    android:versionName="1.0" >
6
7    <uses-sdk
8        android:minSdkVersion="15"
8-->src\main\AndroidManifest.xml
9        android:targetSdkVersion="29" />
9-->src\main\AndroidManifest.xml
10
11    <application
11-->src\main\AndroidManifest.xml:5:5-47:19
12        android:allowBackup="true"
12-->src\main\AndroidManifest.xml:6:9-35
13        android:appComponentFactory="androidx.core.app.CoreComponentFactory"
13-->[androidx.core:core:1.0.1] AndroidManifest.xml:22:18-86
14        android:debuggable="true"
15        android:icon="@mipmap/ic_launcher"
15-->src\main\AndroidManifest.xml:7:9-43
16        android:label="@string/app_name"
16-->src\main\AndroidManifest.xml:8:9-41
17        android:roundIcon="@mipmap/ic_launcher_round"
17-->src\main\AndroidManifest.xml:9:9-54
18        android:supportsRtl="true"
18-->src\main\AndroidManifest.xml:10:9-35
19        android:testOnly="true"
20        android:theme="@style/AppTheme" >
20-->src\main\AndroidManifest.xml:11:9-40
21        <activity android:name="com.varshikasahu.mymiwok.MainActivity" >
21-->src\main\AndroidManifest.xml:12:9-18:20
21-->src\main\AndroidManifest.xml:12:19-47
22            <intent-filter>
22-->src\main\AndroidManifest.xml:13:13-17:29
23                <action android:name="android.intent.action.MAIN" />
23-->src\main\AndroidManifest.xml:14:17-69
23-->src\main\AndroidManifest.xml:14:25-66
24
25                <category android:name="android.intent.category.LAUNCHER" />
25-->src\main\AndroidManifest.xml:16:17-77
25-->src\main\AndroidManifest.xml:16:27-74
26            </intent-filter>
27        </activity>
28        <activity
28-->src\main\AndroidManifest.xml:19:9-25:32
29            android:name="com.varshikasahu.mymiwok.NumbersActivity"
29-->src\main\AndroidManifest.xml:19:19-50
30            android:label="Numbers" >
30-->src\main\AndroidManifest.xml:20:19-42
31
32            <!-- Parent activity meta-data to support 4.0 and lower -->
33            <meta-data
33-->src\main\AndroidManifest.xml:22:21-24:56
34                android:name="android.support.PARENT_ACTIVITY"
34-->src\main\AndroidManifest.xml:23:25-71
35                android:value=".MainActivity" />
35-->src\main\AndroidManifest.xml:24:25-54
36        </activity>
37        <activity
37-->src\main\AndroidManifest.xml:26:9-32:32
38            android:name="com.varshikasahu.mymiwok.FamilyActivity"
38-->src\main\AndroidManifest.xml:26:19-49
39            android:label="Family Members" >
39-->src\main\AndroidManifest.xml:27:19-49
40
41            <!-- Parent activity meta-data to support 4.0 and lower -->
42            <meta-data
42-->src\main\AndroidManifest.xml:22:21-24:56
43                android:name="android.support.PARENT_ACTIVITY"
43-->src\main\AndroidManifest.xml:23:25-71
44                android:value=".MainActivity" />
44-->src\main\AndroidManifest.xml:24:25-54
45        </activity>
46        <activity
46-->src\main\AndroidManifest.xml:33:9-39:32
47            android:name="com.varshikasahu.mymiwok.ColorsActivity"
47-->src\main\AndroidManifest.xml:33:19-49
48            android:label="Colors" >
48-->src\main\AndroidManifest.xml:34:19-41
49
50            <!-- Parent activity meta-data to support 4.0 and lower -->
51            <meta-data
51-->src\main\AndroidManifest.xml:22:21-24:56
52                android:name="android.support.PARENT_ACTIVITY"
52-->src\main\AndroidManifest.xml:23:25-71
53                android:value=".MainActivity" />
53-->src\main\AndroidManifest.xml:24:25-54
54        </activity>
55        <activity
55-->src\main\AndroidManifest.xml:40:9-46:32
56            android:name="com.varshikasahu.mymiwok.PhrasesActivity"
56-->src\main\AndroidManifest.xml:40:19-50
57            android:label="Phrases" >
57-->src\main\AndroidManifest.xml:41:19-42
58
59            <!-- Parent activity meta-data to support 4.0 and lower -->
60            <meta-data
60-->src\main\AndroidManifest.xml:22:21-24:56
61                android:name="android.support.PARENT_ACTIVITY"
61-->src\main\AndroidManifest.xml:23:25-71
62                android:value=".MainActivity" />
62-->src\main\AndroidManifest.xml:24:25-54
63        </activity>
64    </application>
65
66</manifest>